<?xml version="1.0" encoding="UTF-8"?>
<testsuite name="org.ts.robot.instruction.InstructionFactoryTest" tests="2" skipped="0" failures="0" errors="0" timestamp="2022-10-02T20:42:20" hostname="toqeer-Latitude-E6540" time="0.003">
  <properties/>
  <testcase name="getUnKnownInstruction()" classname="org.ts.robot.instruction.InstructionFactoryTest" time="0.002"/>
  <testcase name="getKnownInstruction()" classname="org.ts.robot.instruction.InstructionFactoryTest" time="0.001"/>
  <system-out><![CDATA[]]></system-out>
  <system-err><![CDATA[]]></system-err>
</testsuite>
