<?xml version="1.0" encoding="UTF-8"?>
<testsuite name="org.ts.robot.instruction.MoveForwardTest" tests="6" skipped="0" failures="0" errors="0" timestamp="2022-10-02T20:42:20" hostname="toqeer-Latitude-E6540" time="0.006">
  <properties/>
  <testcase name="moveForwardNorthOnTheGrid()" classname="org.ts.robot.instruction.MoveForwardTest" time="0.002"/>
  <testcase name="moveForwardWestOnTheGrid()" classname="org.ts.robot.instruction.MoveForwardTest" time="0.001"/>
  <testcase name="moveForwardOffTheGrid()" classname="org.ts.robot.instruction.MoveForwardTest" time="0.001"/>
  <testcase name="moveForwardEastOnTheGrid()" classname="org.ts.robot.instruction.MoveForwardTest" time="0.001"/>
  <testcase name="moveForwardSouthOnTheGrid()" classname="org.ts.robot.instruction.MoveForwardTest" time="0.0"/>
  <testcase name="moveForwardOffTheGridFromScentedPoint()" classname="org.ts.robot.instruction.MoveForwardTest" time="0.001"/>
  <system-out><![CDATA[]]></system-out>
  <system-err><![CDATA[]]></system-err>
</testsuite>
